#
# There is insufficient memory for the Java Runtime Environment to continue.
# Native memory allocation (mmap) failed to map 534773760 bytes for Failed to commit area from 0x0000000602800000 to 0x0000000622600000 of length 534773760.
# Possible reasons:
#   The system is out of physical RAM or swap space
#   The process is running with CompressedOops enabled, and the Java Heap may be blocking the growth of the native heap
# Possible solutions:
#   Reduce memory load on the system
#   Increase physical memory or swap space
#   Check if swap backing store is full
#   Decrease Java heap size (-Xmx/-Xms)
#   Decrease number of Java threads
#   Decrease Java thread stack sizes (-Xss)
#   Set larger code cache with -XX:ReservedCodeCacheSize=
# This output file may be truncated or incomplete.
#
#  Out of Memory Error (./src/hotspot/os/windows/os_windows.cpp:3387), pid=28308, tid=10864
#
# JRE version:  (11.0.14.1+1) (build )
# Java VM: OpenJDK 64-Bit Server VM (11.0.14.1+1, mixed mode, sharing, tiered, compressed oops, g1 gc, windows-amd64)
# No core dump will be written. Minidumps are not enabled by default on client versions of Windows
#

---------------  S U M M A R Y ------------

Command Line: 

Host: 13th Gen Intel(R) Core(TM) i5-13490F, 16 cores, 31G,  Windows 10 , 64 bit Build 19041 (10.0.19041.4842)
Time: Sat Sep 21 09:28:27 2024 中国标准时间 elapsed time: 0.006419 seconds (0d 0h 0m 0s)

---------------  T H R E A D  ---------------

Current thread (0x000001ccc838e000):  JavaThread "Unknown thread" [_thread_in_vm, id=10864, stack(0x000000195f700000,0x000000195f800000)]

Stack: [0x000000195f700000,0x000000195f800000]
Native frames: (J=compiled Java code, j=interpreted, Vv=VM code, C=native code)
V  [jvm.dll+0x61e59a]
V  [jvm.dll+0x7aaca9]
V  [jvm.dll+0x7ac398]
V  [jvm.dll+0x7aca73]
V  [jvm.dll+0x24f9b8]
V  [jvm.dll+0x61b83a]
V  [jvm.dll+0x6100c5]
V  [jvm.dll+0x30772c]
V  [jvm.dll+0x3075b2]
V  [jvm.dll+0x30c2d6]
V  [jvm.dll+0x35272f]
V  [jvm.dll+0x352160]
V  [jvm.dll+0x2e4728]
V  [jvm.dll+0x2e5886]
V  [jvm.dll+0x784b07]
V  [jvm.dll+0x78628f]
V  [jvm.dll+0x35f479]
V  [jvm.dll+0x767aa0]
V  [jvm.dll+0x3ccf1f]
V  [jvm.dll+0x3cf2b1]
C  [jli.dll+0x5207]
C  [ucrtbase.dll+0x21bb2]
C  [KERNEL32.DLL+0x17374]
C  [ntdll.dll+0x4cc91]


---------------  P R O C E S S  ---------------

Threads class SMR info:
_java_thread_list=0x000001ccc68c2780, length=0, elements={
}

Java Threads: ( => current thread )

Other Threads:
  0x000001ccc83aa000 GCTaskThread "GC Thread#0" [stack: 0x000000195f800000,0x000000195f900000] [id=17084]
  0x000001ccc842a000 ConcurrentGCThread "G1 Main Marker" [stack: 0x000000195f900000,0x000000195fa00000] [id=21700]
  0x000001ccc842c800 ConcurrentGCThread "G1 Conc#0" [stack: 0x000000195fa00000,0x000000195fb00000] [id=13600]

[error occurred during error reporting (printing all threads), id 0xc0000005, EXCEPTION_ACCESS_VIOLATION (0xc0000005) at pc=0x00007ffcf0493ef7]

VM state:not at safepoint (not fully initialized)

VM Mutex/Monitor currently owned by a thread:  ([mutex/lock_event])
[0x000001ccc838a040] Heap_lock - owner thread: 0x000001ccc838e000

Heap address: 0x0000000602800000, size: 8152 MB, Compressed Oops mode: Non-zero based: 0x0000000602800000
Narrow klass base: 0x0000000000000000, Narrow klass shift: 0

GC Heap History (0 events):
No events

Deoptimization events (0 events):
No events

Classes redefined (0 events):
No events

Internal exceptions (0 events):
No events

Events (1 events):
Event: 0.004 Loaded shared library D:\Program Files\Unity\Editor\2022.3.42f1c1\Editor\Data\PlaybackEngines\AndroidPlayer\OpenJDK\bin\zip.dll


Dynamic libraries:
0x00007ff688220000 - 0x00007ff68822d000 	D:\Program Files\Unity\Editor\2022.3.42f1c1\Editor\Data\PlaybackEngines\AndroidPlayer\OpenJDK\bin\java.exe
0x00007ffd35630000 - 0x00007ffd35828000 	C:\Windows\SYSTEM32\ntdll.dll
0x00007ffd34440000 - 0x00007ffd34501000 	C:\Windows\System32\KERNEL32.DLL
0x00007ffd32ce0000 - 0x00007ffd32fdd000 	C:\Windows\System32\KERNELBASE.dll
0x00007ffd33310000 - 0x00007ffd33410000 	C:\Windows\System32\ucrtbase.dll
0x00007ffd17650000 - 0x00007ffd17667000 	D:\Program Files\Unity\Editor\2022.3.42f1c1\Editor\Data\PlaybackEngines\AndroidPlayer\OpenJDK\bin\jli.dll
0x00007ffd12de0000 - 0x00007ffd12df5000 	D:\Program Files\Unity\Editor\2022.3.42f1c1\Editor\Data\PlaybackEngines\AndroidPlayer\OpenJDK\bin\VCRUNTIME140.dll
0x00007ffd34a40000 - 0x00007ffd34bdd000 	C:\Windows\System32\USER32.dll
0x00007ffd33180000 - 0x00007ffd331a2000 	C:\Windows\System32\win32u.dll
0x00007ffd336a0000 - 0x00007ffd336cb000 	C:\Windows\System32\GDI32.dll
0x00007ffd33490000 - 0x00007ffd335a7000 	C:\Windows\System32\gdi32full.dll
0x00007ffd32fe0000 - 0x00007ffd3307d000 	C:\Windows\System32\msvcp_win.dll
0x00007ffd26cd0000 - 0x00007ffd26f6a000 	C:\Windows\WinSxS\amd64_microsoft.windows.common-controls_6595b64144ccf1df_6.0.19041.4355_none_60b8b9eb71f62e16\COMCTL32.dll
0x00007ffd34940000 - 0x00007ffd349de000 	C:\Windows\System32\msvcrt.dll
0x00007ffd33670000 - 0x00007ffd3369f000 	C:\Windows\System32\IMM32.DLL
0x0000000060bd0000 - 0x0000000060bdd000 	D:\Program Files (x86)\360\360Safe\safemon\SafeWrapper.dll
0x00007ffd34390000 - 0x00007ffd34440000 	C:\Windows\System32\ADVAPI32.dll
0x00007ffd33f00000 - 0x00007ffd33fa0000 	C:\Windows\System32\sechost.dll
0x00007ffd33d40000 - 0x00007ffd33e63000 	C:\Windows\System32\RPCRT4.dll
0x00007ffd33460000 - 0x00007ffd33487000 	C:\Windows\System32\bcrypt.dll
0x00007ffd22f50000 - 0x00007ffd23053000 	D:\Program Files (x86)\360\360Safe\safemon\libzdtp64.dll
0x00007ffd34d60000 - 0x00007ffd354cf000 	C:\Windows\System32\SHELL32.dll
0x00007ffd34be0000 - 0x00007ffd34c35000 	C:\Windows\System32\SHLWAPI.dll
0x00007ffd32840000 - 0x00007ffd3284a000 	C:\Windows\SYSTEM32\VERSION.dll
0x00007ffcf9f90000 - 0x00007ffcfa02b000 	D:\Program Files\Unity\Editor\2022.3.42f1c1\Editor\Data\PlaybackEngines\AndroidPlayer\OpenJDK\bin\msvcp140.dll
0x00007ffcf01a0000 - 0x00007ffcf0d21000 	D:\Program Files\Unity\Editor\2022.3.42f1c1\Editor\Data\PlaybackEngines\AndroidPlayer\OpenJDK\bin\server\jvm.dll
0x00007ffd33660000 - 0x00007ffd33668000 	C:\Windows\System32\PSAPI.DLL
0x00007ffd28660000 - 0x00007ffd28687000 	C:\Windows\SYSTEM32\WINMM.dll
0x00007ffd2d830000 - 0x00007ffd2d839000 	C:\Windows\SYSTEM32\WSOCK32.dll
0x00007ffd34510000 - 0x00007ffd3457b000 	C:\Windows\System32\WS2_32.dll
0x00007ffd314e0000 - 0x00007ffd314f2000 	C:\Windows\SYSTEM32\kernel.appcore.dll
0x00007ffd176a0000 - 0x00007ffd176b0000 	D:\Program Files\Unity\Editor\2022.3.42f1c1\Editor\Data\PlaybackEngines\AndroidPlayer\OpenJDK\bin\verify.dll
0x00007ffd31010000 - 0x00007ffd311f4000 	C:\Windows\SYSTEM32\DBGHELP.DLL
0x00007ffd23f40000 - 0x00007ffd23f74000 	C:\Windows\SYSTEM32\dbgcore.DLL
0x00007ffd330f0000 - 0x00007ffd33172000 	C:\Windows\System32\bcryptPrimitives.dll
0x00007ffd129b0000 - 0x00007ffd129d8000 	D:\Program Files\Unity\Editor\2022.3.42f1c1\Editor\Data\PlaybackEngines\AndroidPlayer\OpenJDK\bin\java.dll
0x00007ffd17640000 - 0x00007ffd1764a000 	D:\Program Files\Unity\Editor\2022.3.42f1c1\Editor\Data\PlaybackEngines\AndroidPlayer\OpenJDK\bin\jimage.dll
0x00007ffd0e390000 - 0x00007ffd0e3a8000 	D:\Program Files\Unity\Editor\2022.3.42f1c1\Editor\Data\PlaybackEngines\AndroidPlayer\OpenJDK\bin\zip.dll

dbghelp: loaded successfully - version: 4.0.5 - missing functions: none
symbol engine: initialized successfully - sym options: 0x614 - pdb path: .;D:\Program Files\Unity\Editor\2022.3.42f1c1\Editor\Data\PlaybackEngines\AndroidPlayer\OpenJDK\bin;C:\Windows\SYSTEM32;C:\Windows\WinSxS\amd64_microsoft.windows.common-controls_6595b64144ccf1df_6.0.19041.4355_none_60b8b9eb71f62e16;D:\Program Files (x86)\360\360Safe\safemon;D:\Program Files\Unity\Editor\2022.3.42f1c1\Editor\Data\PlaybackEngines\AndroidPlayer\OpenJDK\bin\server

VM Arguments:
java_command: <unknown>
java_class_path (initial): <not set>
Launcher Type: SUN_STANDARD

[Global flags]
     intx CICompilerCount                          = 12                                        {product} {ergonomic}
     uint ConcGCThreads                            = 3                                         {product} {ergonomic}
     uint G1ConcRefinementThreads                  = 13                                        {product} {ergonomic}
   size_t G1HeapRegionSize                         = 2097152                                   {product} {ergonomic}
    uintx GCDrainStackTargetSize                   = 64                                        {product} {ergonomic}
   size_t InitialHeapSize                          = 534773760                                 {product} {ergonomic}
   size_t MarkStackSize                            = 4194304                                   {product} {ergonomic}
   size_t MaxHeapSize                              = 8547991552                                {product} {ergonomic}
   size_t MinHeapDeltaBytes                        = 2097152                                   {product} {ergonomic}
    uintx NonNMethodCodeHeapSize                   = 7594288                                {pd product} {ergonomic}
    uintx NonProfiledCodeHeapSize                  = 122031976                              {pd product} {ergonomic}
    uintx ProfiledCodeHeapSize                     = 122031976                              {pd product} {ergonomic}
    uintx ReservedCodeCacheSize                    = 251658240                              {pd product} {ergonomic}
     bool SegmentedCodeCache                       = true                                      {product} {ergonomic}
     bool UseCompressedClassPointers               = true                                 {lp64_product} {ergonomic}
     bool UseCompressedOops                        = true                                 {lp64_product} {ergonomic}
     bool UseG1GC                                  = true                                      {product} {ergonomic}
     bool UseLargePagesIndividualAllocation        = false                                  {pd product} {ergonomic}

Logging:
Log output configuration:
 #0: stdout all=warning uptime,level,tags
 #1: stderr all=off uptime,level,tags

Environment Variables:
JAVA_HOME=D:\Program Files\Unity\Editor\2022.3.42f1c1\Editor\Data\PlaybackEngines\AndroidPlayer\OpenJDK
PATH=C:\Windows\system32;C:\Windows;C:\Windows\System32\Wbem;C:\Windows\System32\WindowsPowerShell\v1.0\;C:\Windows\System32\OpenSSH\;C:\Program Files\Microsoft SQL Server\150\Tools\Binn\;C:\Program Files\Microsoft SQL Server\Client SDK\ODBC\170\Tools\Binn\;C:\Program Files\dotnet\;D:\Program Files\Microsoft VS Code\bin;D:\Program Files\Git\cmd;D:\Program Files\Git\cmd\git.exe;C:\Program Files (x86)\Windows Kits\10\Windows Performance Toolkit\;D:\Program Files\TortoiseGit\bin;D:\Program Files\TortoiseSVN\bin;C:\Users\JS\AppData\Local\Microsoft\WindowsApps;C:\Users\JS\.dotnet\tools
USERNAME=JS
OS=Windows_NT
PROCESSOR_IDENTIFIER=Intel64 Family 6 Model 191 Stepping 2, GenuineIntel



---------------  S Y S T E M  ---------------

OS: Windows 10 , 64 bit Build 19041 (10.0.19041.4842)
OS uptime: 1 days 17:51 hours

CPU:total 16 (initial active 16) (8 cores per cpu, 2 threads per core) family 6 model 191 stepping 2 microcode 0x2e, cmov, cx8, fxsr, mmx, sse, sse2, sse3, ssse3, sse4.1, sse4.2, popcnt, avx, avx2, aes, clmul, erms, 3dnowpref, lzcnt, ht, tsc, tscinvbit, bmi1, bmi2, adx, sha, fma

Memory: 4k page, system-wide physical 32604M (961M free)
TotalPageFile size 45307M (AvailPageFile size 173M)
current process WorkingSet (physical memory assigned to process): 12M, peak: 12M
current process commit charge ("private bytes"): 72M, peak: 581M

vm_info: OpenJDK 64-Bit Server VM (11.0.14.1+1) for windows-amd64 JRE (11.0.14.1+1), built on Feb  9 2022 01:48:27 by "" with unknown MS VC++:1916

END.
